
Gather external references for later resolution
Deleting existing packages from model
Importing Model from XMI
Root Package: comosellame
Add Classifier: 
Add Classifier: 
Add Classifier: 
Add Classifier: 
Add Classifier: 
Add Classifier: 
Add Classifier: 
Add Classifier: 
Add Classifier: 
Add Classifier: 
Add Classifier: 
Add Classifier Role: pedidos :ArrayList<Pedido>
Add Classifier Role: consulta: Statement
Add Classifier Role: resultado : ResultSet
Add Classifier Role: resElemPed :ResultSet
Add Classifier Role: :IPedidosBD
Add Classifier Role: resProds :ResultSet
Add Classifier Role: conexion :Connection
Add Classifier Role: elemPed:ElementoPedido
Add Classifier Role: prod :Producto
Add Classifier Role: :GestorBaseDatos
Add Classifier Role: elem :Elemento
Add Classifier Role: pedido:Pedido
Resolving Classifiers
Resolving Owners
Resolve Package Links
Add Extensions
Add Diagrams
Adding Diagram : comosellame
Resolving DiagramIDs
Resolving Association Classes
Resolving Parameter Types
Resolving Attribute Types
Resolving Note links
Fixup external references
Import Complete!
